<?xml version="1.0" encoding="UTF-8"?>
<testsuite name="ejercicio6.Reportes.tests.test.SuitesCases" tests="0" skipped="0" failures="0" errors="0" timestamp="1970-01-01T00:00:00" hostname="LAPTOP-0QK3E9B0" time="0.0">
  <properties/>
  <system-out><![CDATA[----------Inicio de la Clase------------
-----------Fin de la Clase-------------
]]></system-out>
  <system-err><![CDATA[]]></system-err>
</testsuite>
