<?xml version="1.0" encoding="UTF-8"?>
<testsuite name="ejercicio1Test.InvertirNumerosTest" tests="6" skipped="0" failures="0" errors="0" timestamp="2021-02-24T13:26:07" hostname="LAPTOP-0QK3E9B0" time="2.239">
  <properties/>
  <testcase name="positivoFail" classname="ejercicio1Test.InvertirNumerosTest" time="0.002"/>
  <testcase name="positivo" classname="ejercicio1Test.InvertirNumerosTest" time="0.0"/>
  <testcase name="negativo" classname="ejercicio1Test.InvertirNumerosTest" time="0.0"/>
  <testcase name="positivoFail" classname="ejercicio1Test.InvertirNumerosTest" time="0.0"/>
  <testcase name="positivo" classname="ejercicio1Test.InvertirNumerosTest" time="0.001"/>
  <testcase name="negativo" classname="ejercicio1Test.InvertirNumerosTest" time="0.0"/>
  <system-out><![CDATA[----------Inicio de la Clase------------
**************Inicio de la Prueba**************
Numero Inicial: 0
Resultado Final: 0
**************Fin de la prueba**************
**************Inicio de la Prueba**************
Numero Inicial: 1234
Resultado Final: 4321
**************Fin de la prueba**************
**************Inicio de la Prueba**************
Numero Inicial: -1234
Resultado Final: -4321
**************Fin de la prueba**************
-----------Fin de la Clase-------------
**************Inicio de la Prueba**************
Numero Inicial: 0
Resultado Final: 0
**************Fin de la prueba**************
**************Inicio de la Prueba**************
Numero Inicial: 1234
Resultado Final: 4321
**************Fin de la prueba**************
**************Inicio de la Prueba**************
Numero Inicial: -1234
Resultado Final: -4321
**************Fin de la prueba**************
]]></system-out>
  <system-err><![CDATA[]]></system-err>
</testsuite>
