<?xml version="1.0" encoding="UTF-8"?>
<testsuite name="ejercicio5Test.LoginTest" tests="2" skipped="0" failures="0" errors="0" timestamp="2021-02-24T13:26:09" hostname="LAPTOP-0QK3E9B0" time="1.194">
  <properties/>
  <testcase name="verify_login_test_mock" classname="ejercicio5Test.LoginTest" time="0.582"/>
  <testcase name="verify_login_test_mock" classname="ejercicio5Test.LoginTest" time="0.54"/>
  <system-out><![CDATA[]]></system-out>
  <system-err><![CDATA[]]></system-err>
</testsuite>
