<?xml version="1.0" encoding="UTF-8"?>
<testsuite name="ejercicio4Test.CambioMonedaTest" tests="2" skipped="0" failures="0" errors="0" timestamp="2021-02-24T13:26:09" hostname="LAPTOP-0QK3E9B0" time="0.862">
  <properties/>
  <testcase name="verify_cambio_moneda_test" classname="ejercicio4Test.CambioMonedaTest" time="0.022"/>
  <testcase name="verify_cambio_moneda_test" classname="ejercicio4Test.CambioMonedaTest" time="0.0"/>
  <system-out><![CDATA[]]></system-out>
  <system-err><![CDATA[]]></system-err>
</testsuite>
